Vivado Simulator 2018.1
Copyright 1986-1999, 2001-2017 Xilinx, Inc. All Rights Reserved.
Running: I:/Vivado/2018.1/bin/unwrapped/win64.o/xelab.exe -wto f5d1d4f49fba4269b6b2ec9504bba21b --incr --debug typical --relax --mt 2 -L xil_defaultlib -L secureip --snapshot TB_Nanoprocessor_behav xil_defaultlib.TB_Nanoprocessor -log elaborate.log 
Using 2 slave threads.
Starting static elaboration
Completed static elaboration
Starting simulation data flow analysis
Completed simulation data flow analysis
Time Resolution for simulation is 1ps
Compiling package std.standard
Compiling package std.textio
Compiling package ieee.std_logic_1164
Compiling package ieee.numeric_std
Compiling architecture behavioral of entity xil_defaultlib.Slow_Clk [slow_clk_default]
Compiling architecture behavioral of entity xil_defaultlib.Decoder_2_to_4 [decoder_2_to_4_default]
Compiling architecture behavioral of entity xil_defaultlib.Decoder_3_to_8 [decoder_3_to_8_default]
Compiling architecture behavioral of entity xil_defaultlib.Reg [reg_default]
Compiling architecture behavioral of entity xil_defaultlib.Register_Bank [register_bank_default]
Compiling architecture behavioral of entity xil_defaultlib.Mux_2_Way_4_Bit [mux_2_way_4_bit_default]
Compiling architecture behavioral of entity xil_defaultlib.Mux_8_Way_4_Bit [mux_8_way_4_bit_default]
Compiling architecture behavioral of entity xil_defaultlib.HA [ha_default]
Compiling architecture behavioral of entity xil_defaultlib.FA [fa_default]
Compiling architecture behavioral of entity xil_defaultlib.Add_Sub_4bit [add_sub_4bit_default]
Compiling architecture behavioral of entity xil_defaultlib.Instruction_Decoder [instruction_decoder_default]
Compiling architecture behavioral of entity xil_defaultlib.Adder_3bit [adder_3bit_default]
Compiling architecture behavioral of entity xil_defaultlib.Mux_2_Way_3_Bit [mux_2_way_3_bit_default]
Compiling architecture behavioral of entity xil_defaultlib.D_FF [d_ff_default]
Compiling architecture behavioral of entity xil_defaultlib.Program_Counter [program_counter_default]
Compiling architecture behavioral of entity xil_defaultlib.LUT [lut_default]
Compiling architecture behavioral of entity xil_defaultlib.LUT_16_7 [lut_16_7_default]
Compiling architecture behavioral of entity xil_defaultlib.Nanoprocessor [nanoprocessor_default]
Compiling architecture behavioral of entity xil_defaultlib.tb_nanoprocessor
Built simulation snapshot TB_Nanoprocessor_behav
